[  125234ms] [ERROR] Failed to load resource: net::ERR_BLOCKED_BY_CLIENT @ https://open.spotifycdn.com/cdn/js/retargeting-pixels.02346b5d.js:0
[  125529ms] [ERROR] Failed to load resource: net::ERR_BLOCKED_BY_CLIENT @ https://o22381.ingest.sentry.io/api/114855/envelope/?sentry_version=7&sentry_key=de32132fc06e4b28965ecf25332c3a25&sentry_client=sentry.javascript.react%2F10.38.0:0
[  125818ms] [LOG] 1 @ chrome-extension://nfmlkliedggdodlbgghmmchhgckjoaml/frames.js:14
[  125819ms] [LOG] 2 @ chrome-extension://nfmlkliedggdodlbgghmmchhgckjoaml/frames.js:683
[  125830ms] [LOG] enabled. @ chrome-extension://nfmlkliedggdodlbgghmmchhgckjoaml/frames.js:38
[  125830ms] [LOG] d @ chrome-extension://nfmlkliedggdodlbgghmmchhgckjoaml/frames.js:123
[  125831ms] [LOG] 1778015183896 @ chrome-extension://nfmlkliedggdodlbgghmmchhgckjoaml/frames.js:400
[  125831ms] [LOG] 1778015183896 @ chrome-extension://nfmlkliedggdodlbgghmmchhgckjoaml/frames.js:412
[  127499ms] [LOG] interception @ https://open.spotifycdn.com/cdn/build/web-player/web-player.b0621dd8.js:11
[  127499ms] [LOG] Fetching data... @ https://open.spotifycdn.com/cdn/build/web-player/web-player.b0621dd8.js:11
[  127518ms] [ERROR] Failed to load resource: the server responded with a status of 403 () @ https://open.spotify.com/get_access_token?reason=transport&productType=web_player:0
[  127523ms] Unexpected token '<', "
<?xml vers"... is not valid JSON
[  127544ms] [LOG] Data fetched successfully: {twitch_injection: enabled, hulu_injection: enabled, spotify_injection: enabled, spotify_mutify: enabled, spotify_track_attr: content_type} @ https://open.spotifycdn.com/cdn/build/web-player/web-player.b0621dd8.js:11
[  127544ms] [LOG] Fetch operation completed @ https://open.spotifycdn.com/cdn/build/web-player/web-player.b0621dd8.js:11
[  128064ms] [ERROR] Failed to load resource: net::ERR_FILE_NOT_FOUND @ chrome-extension://nfmlkliedggdodlbgghmmchhgckjoaml/web_accessible_resources/google-analytics_analytics.js:0
[  141766ms] [WARNING] The resource https://encore.scdn.co/fonts/SpotifyMixUITitleVariable-08bab3354d40f74e5177917b5ae80894.woff2 was preloaded using link preload but not used within a few seconds from the window's load event. Please make sure it has an appropriate `as` value and it is preloaded intentionally. @ https://open.spotify.com/:0
[  141766ms] [WARNING] The resource https://encore.scdn.co/fonts/SpotifyMixUI-Bold-09c45a3a0ce9d2971e62cb26e97760fb.woff2 was preloaded using link preload but not used within a few seconds from the window's load event. Please make sure it has an appropriate `as` value and it is preloaded intentionally. @ https://open.spotify.com/:0
[  141766ms] [WARNING] The resource https://encore.scdn.co/fonts/SpotifyMixMono-Regular-134eeb986fc0f94a9f0acb9cedaeb584.woff2 was preloaded using link preload but not used within a few seconds from the window's load event. Please make sure it has an appropriate `as` value and it is preloaded intentionally. @ https://open.spotify.com/:0
[  141766ms] [WARNING] The resource https://encore.scdn.co/fonts/SpotifyMixUI-Regular-76c92fb1a35c462f73429fa8865163eb.woff2 was preloaded using link preload but not used within a few seconds from the window's load event. Please make sure it has an appropriate `as` value and it is preloaded intentionally. @ https://open.spotify.com/:0
[  151606ms] [WARNING] The resource https://encore.scdn.co/fonts/SpotifyMixUITitleVariable-08bab3354d40f74e5177917b5ae80894.woff2 was preloaded using link preload but not used within a few seconds from the window's load event. Please make sure it has an appropriate `as` value and it is preloaded intentionally. @ https://open.spotify.com/:0
[  151606ms] [WARNING] The resource https://encore.scdn.co/fonts/SpotifyMixUI-Bold-09c45a3a0ce9d2971e62cb26e97760fb.woff2 was preloaded using link preload but not used within a few seconds from the window's load event. Please make sure it has an appropriate `as` value and it is preloaded intentionally. @ https://open.spotify.com/:0
[  151606ms] [WARNING] The resource https://encore.scdn.co/fonts/SpotifyMixMono-Regular-134eeb986fc0f94a9f0acb9cedaeb584.woff2 was preloaded using link preload but not used within a few seconds from the window's load event. Please make sure it has an appropriate `as` value and it is preloaded intentionally. @ https://open.spotify.com/:0
[  151606ms] [WARNING] The resource https://encore.scdn.co/fonts/SpotifyMixUI-Regular-76c92fb1a35c462f73429fa8865163eb.woff2 was preloaded using link preload but not used within a few seconds from the window's load event. Please make sure it has an appropriate `as` value and it is preloaded intentionally. @ https://open.spotify.com/:0
[  161689ms] [WARNING] The resource https://encore.scdn.co/fonts/SpotifyMixUITitleVariable-08bab3354d40f74e5177917b5ae80894.woff2 was preloaded using link preload but not used within a few seconds from the window's load event. Please make sure it has an appropriate `as` value and it is preloaded intentionally. @ https://open.spotify.com/:0
[  161689ms] [WARNING] The resource https://encore.scdn.co/fonts/SpotifyMixUI-Bold-09c45a3a0ce9d2971e62cb26e97760fb.woff2 was preloaded using link preload but not used within a few seconds from the window's load event. Please make sure it has an appropriate `as` value and it is preloaded intentionally. @ https://open.spotify.com/:0
[  161689ms] [WARNING] The resource https://encore.scdn.co/fonts/SpotifyMixMono-Regular-134eeb986fc0f94a9f0acb9cedaeb584.woff2 was preloaded using link preload but not used within a few seconds from the window's load event. Please make sure it has an appropriate `as` value and it is preloaded intentionally. @ https://open.spotify.com/:0
[  161689ms] [WARNING] The resource https://encore.scdn.co/fonts/SpotifyMixUI-Regular-76c92fb1a35c462f73429fa8865163eb.woff2 was preloaded using link preload but not used within a few seconds from the window's load event. Please make sure it has an appropriate `as` value and it is preloaded intentionally. @ https://open.spotify.com/:0
[  168372ms] [WARNING] The resource https://encore.scdn.co/fonts/SpotifyMixUITitleVariable-08bab3354d40f74e5177917b5ae80894.woff2 was preloaded using link preload but not used within a few seconds from the window's load event. Please make sure it has an appropriate `as` value and it is preloaded intentionally. @ https://open.spotify.com/:0
[  168372ms] [WARNING] The resource https://encore.scdn.co/fonts/SpotifyMixUI-Bold-09c45a3a0ce9d2971e62cb26e97760fb.woff2 was preloaded using link preload but not used within a few seconds from the window's load event. Please make sure it has an appropriate `as` value and it is preloaded intentionally. @ https://open.spotify.com/:0
[  168372ms] [WARNING] The resource https://encore.scdn.co/fonts/SpotifyMixMono-Regular-134eeb986fc0f94a9f0acb9cedaeb584.woff2 was preloaded using link preload but not used within a few seconds from the window's load event. Please make sure it has an appropriate `as` value and it is preloaded intentionally. @ https://open.spotify.com/:0
[  168372ms] [WARNING] The resource https://encore.scdn.co/fonts/SpotifyMixUI-Regular-76c92fb1a35c462f73429fa8865163eb.woff2 was preloaded using link preload but not used within a few seconds from the window's load event. Please make sure it has an appropriate `as` value and it is preloaded intentionally. @ https://open.spotify.com/:0
[  171517ms] [WARNING] The resource https://encore.scdn.co/fonts/SpotifyMixUITitleVariable-08bab3354d40f74e5177917b5ae80894.woff2 was preloaded using link preload but not used within a few seconds from the window's load event. Please make sure it has an appropriate `as` value and it is preloaded intentionally. @ https://open.spotify.com/:0
[  171517ms] [WARNING] The resource https://encore.scdn.co/fonts/SpotifyMixUI-Bold-09c45a3a0ce9d2971e62cb26e97760fb.woff2 was preloaded using link preload but not used within a few seconds from the window's load event. Please make sure it has an appropriate `as` value and it is preloaded intentionally. @ https://open.spotify.com/:0
[  171517ms] [WARNING] The resource https://encore.scdn.co/fonts/SpotifyMixMono-Regular-134eeb986fc0f94a9f0acb9cedaeb584.woff2 was preloaded using link preload but not used within a few seconds from the window's load event. Please make sure it has an appropriate `as` value and it is preloaded intentionally. @ https://open.spotify.com/:0
[  171517ms] [WARNING] The resource https://encore.scdn.co/fonts/SpotifyMixUI-Regular-76c92fb1a35c462f73429fa8865163eb.woff2 was preloaded using link preload but not used within a few seconds from the window's load event. Please make sure it has an appropriate `as` value and it is preloaded intentionally. @ https://open.spotify.com/:0
[  181615ms] [WARNING] The resource https://encore.scdn.co/fonts/SpotifyMixUITitleVariable-08bab3354d40f74e5177917b5ae80894.woff2 was preloaded using link preload but not used within a few seconds from the window's load event. Please make sure it has an appropriate `as` value and it is preloaded intentionally. @ https://open.spotify.com/:0
[  181615ms] [WARNING] The resource https://encore.scdn.co/fonts/SpotifyMixUI-Bold-09c45a3a0ce9d2971e62cb26e97760fb.woff2 was preloaded using link preload but not used within a few seconds from the window's load event. Please make sure it has an appropriate `as` value and it is preloaded intentionally. @ https://open.spotify.com/:0
[  181615ms] [WARNING] The resource https://encore.scdn.co/fonts/SpotifyMixMono-Regular-134eeb986fc0f94a9f0acb9cedaeb584.woff2 was preloaded using link preload but not used within a few seconds from the window's load event. Please make sure it has an appropriate `as` value and it is preloaded intentionally. @ https://open.spotify.com/:0
[  181615ms] [WARNING] The resource https://encore.scdn.co/fonts/SpotifyMixUI-Regular-76c92fb1a35c462f73429fa8865163eb.woff2 was preloaded using link preload but not used within a few seconds from the window's load event. Please make sure it has an appropriate `as` value and it is preloaded intentionally. @ https://open.spotify.com/:0
