[-42977276ms] [LOG] [LR:MSG] LR_PS_auth_change received: Object @ chrome-extension://hoombieeljmmljlkjmnheibnpciblicm/pageScript_lly.min.js:4575
[-42977268ms] [LOG] [LR:MSG] Auth guard BLOCKED - state unchanged @ chrome-extension://hoombieeljmmljlkjmnheibnpciblicm/pageScript_lly.min.js:4575
[-42664288ms] [LOG] [LR:MSG] LR_PS_auth_change received: Object @ chrome-extension://hoombieeljmmljlkjmnheibnpciblicm/pageScript_lly.min.js:4575
[-42664287ms] [LOG] [LR:MSG] Auth guard BLOCKED - state unchanged @ chrome-extension://hoombieeljmmljlkjmnheibnpciblicm/pageScript_lly.min.js:4575
[-42330263ms] [LOG] [LR:MSG] LR_PS_auth_change received: Object @ chrome-extension://hoombieeljmmljlkjmnheibnpciblicm/pageScript_lly.min.js:4575
[-42330254ms] [LOG] [LR:MSG] Auth guard BLOCKED - state unchanged @ chrome-extension://hoombieeljmmljlkjmnheibnpciblicm/pageScript_lly.min.js:4575
[-41867281ms] [LOG] [LR:MSG] LR_PS_auth_change received: Object @ chrome-extension://hoombieeljmmljlkjmnheibnpciblicm/pageScript_lly.min.js:4575
[-41867279ms] [LOG] [LR:MSG] Auth guard BLOCKED - state unchanged @ chrome-extension://hoombieeljmmljlkjmnheibnpciblicm/pageScript_lly.min.js:4575
[-41455286ms] [LOG] [LR:MSG] LR_PS_auth_change received: Object @ chrome-extension://hoombieeljmmljlkjmnheibnpciblicm/pageScript_lly.min.js:4575
[-41455285ms] [LOG] [LR:MSG] Auth guard BLOCKED - state unchanged @ chrome-extension://hoombieeljmmljlkjmnheibnpciblicm/pageScript_lly.min.js:4575
[-41020279ms] [LOG] [LR:MSG] LR_PS_auth_change received: Object @ chrome-extension://hoombieeljmmljlkjmnheibnpciblicm/pageScript_lly.min.js:4575
[-41020279ms] [LOG] [LR:MSG] Auth guard BLOCKED - state unchanged @ chrome-extension://hoombieeljmmljlkjmnheibnpciblicm/pageScript_lly.min.js:4575
[-40752276ms] [LOG] [LR:MSG] LR_PS_auth_change received: Object @ chrome-extension://hoombieeljmmljlkjmnheibnpciblicm/pageScript_lly.min.js:4575
[-40752274ms] [LOG] [LR:MSG] Auth guard BLOCKED - state unchanged @ chrome-extension://hoombieeljmmljlkjmnheibnpciblicm/pageScript_lly.min.js:4575
[-40313274ms] [LOG] [LR:MSG] LR_PS_auth_change received: Object @ chrome-extension://hoombieeljmmljlkjmnheibnpciblicm/pageScript_lly.min.js:4575
[-40313273ms] [LOG] [LR:MSG] Auth guard BLOCKED - state unchanged @ chrome-extension://hoombieeljmmljlkjmnheibnpciblicm/pageScript_lly.min.js:4575
[-39944255ms] [LOG] [LR:MSG] LR_PS_auth_change received: Object @ chrome-extension://hoombieeljmmljlkjmnheibnpciblicm/pageScript_lly.min.js:4575
[-39944255ms] [LOG] [LR:MSG] Auth guard BLOCKED - state unchanged @ chrome-extension://hoombieeljmmljlkjmnheibnpciblicm/pageScript_lly.min.js:4575
[-39616290ms] [LOG] [LR:MSG] LR_PS_auth_change received: Object @ chrome-extension://hoombieeljmmljlkjmnheibnpciblicm/pageScript_lly.min.js:4575
[-39616289ms] [LOG] [LR:MSG] Auth guard BLOCKED - state unchanged @ chrome-extension://hoombieeljmmljlkjmnheibnpciblicm/pageScript_lly.min.js:4575
[-39218287ms] [LOG] [LR:MSG] LR_PS_auth_change received: Object @ chrome-extension://hoombieeljmmljlkjmnheibnpciblicm/pageScript_lly.min.js:4575
[-39218285ms] [LOG] [LR:MSG] Auth guard BLOCKED - state unchanged @ chrome-extension://hoombieeljmmljlkjmnheibnpciblicm/pageScript_lly.min.js:4575
[-38893293ms] [LOG] [LR:MSG] LR_PS_auth_change received: Object @ chrome-extension://hoombieeljmmljlkjmnheibnpciblicm/pageScript_lly.min.js:4575
[-38893293ms] [LOG] [LR:MSG] Auth guard BLOCKED - state unchanged @ chrome-extension://hoombieeljmmljlkjmnheibnpciblicm/pageScript_lly.min.js:4575
[-38446287ms] [LOG] [LR:MSG] LR_PS_auth_change received: Object @ chrome-extension://hoombieeljmmljlkjmnheibnpciblicm/pageScript_lly.min.js:4575
[-38446287ms] [LOG] [LR:MSG] Auth guard BLOCKED - state unchanged @ chrome-extension://hoombieeljmmljlkjmnheibnpciblicm/pageScript_lly.min.js:4575
[-38170291ms] [LOG] [LR:MSG] LR_PS_auth_change received: Object @ chrome-extension://hoombieeljmmljlkjmnheibnpciblicm/pageScript_lly.min.js:4575
[-38170288ms] [LOG] [LR:MSG] Auth guard BLOCKED - state unchanged @ chrome-extension://hoombieeljmmljlkjmnheibnpciblicm/pageScript_lly.min.js:4575
[-37926271ms] [LOG] [LR:MSG] LR_PS_auth_change received: Object @ chrome-extension://hoombieeljmmljlkjmnheibnpciblicm/pageScript_lly.min.js:4575
[-37926271ms] [LOG] [LR:MSG] Auth guard BLOCKED - state unchanged @ chrome-extension://hoombieeljmmljlkjmnheibnpciblicm/pageScript_lly.min.js:4575
[-37523239ms] [LOG] [LR:MSG] LR_PS_auth_change received: Object @ chrome-extension://hoombieeljmmljlkjmnheibnpciblicm/pageScript_lly.min.js:4575
[-37523239ms] [LOG] [LR:MSG] Auth guard BLOCKED - state unchanged @ chrome-extension://hoombieeljmmljlkjmnheibnpciblicm/pageScript_lly.min.js:4575
[-37180261ms] [LOG] [LR:MSG] LR_PS_auth_change received: Object @ chrome-extension://hoombieeljmmljlkjmnheibnpciblicm/pageScript_lly.min.js:4575
[-37180261ms] [LOG] [LR:MSG] Auth guard BLOCKED - state unchanged @ chrome-extension://hoombieeljmmljlkjmnheibnpciblicm/pageScript_lly.min.js:4575
[-36855256ms] [LOG] [LR:MSG] LR_PS_auth_change received: Object @ chrome-extension://hoombieeljmmljlkjmnheibnpciblicm/pageScript_lly.min.js:4575
[-36855256ms] [LOG] [LR:MSG] Auth guard BLOCKED - state unchanged @ chrome-extension://hoombieeljmmljlkjmnheibnpciblicm/pageScript_lly.min.js:4575
[-36515269ms] [LOG] [LR:MSG] LR_PS_auth_change received: Object @ chrome-extension://hoombieeljmmljlkjmnheibnpciblicm/pageScript_lly.min.js:4575
[-36515269ms] [LOG] [LR:MSG] Auth guard BLOCKED - state unchanged @ chrome-extension://hoombieeljmmljlkjmnheibnpciblicm/pageScript_lly.min.js:4575
[-36156254ms] [LOG] [LR:MSG] LR_PS_auth_change received: Object @ chrome-extension://hoombieeljmmljlkjmnheibnpciblicm/pageScript_lly.min.js:4575
[-36156254ms] [LOG] [LR:MSG] Auth guard BLOCKED - state unchanged @ chrome-extension://hoombieeljmmljlkjmnheibnpciblicm/pageScript_lly.min.js:4575
[-35724266ms] [LOG] [LR:MSG] LR_PS_auth_change received: Object @ chrome-extension://hoombieeljmmljlkjmnheibnpciblicm/pageScript_lly.min.js:4575
[-35724266ms] [LOG] [LR:MSG] Auth guard BLOCKED - state unchanged @ chrome-extension://hoombieeljmmljlkjmnheibnpciblicm/pageScript_lly.min.js:4575
[-35339261ms] [LOG] [LR:MSG] LR_PS_auth_change received: Object @ chrome-extension://hoombieeljmmljlkjmnheibnpciblicm/pageScript_lly.min.js:4575
[-35339261ms] [LOG] [LR:MSG] Auth guard BLOCKED - state unchanged @ chrome-extension://hoombieeljmmljlkjmnheibnpciblicm/pageScript_lly.min.js:4575
[-35044276ms] [LOG] [LR:MSG] LR_PS_auth_change received: Object @ chrome-extension://hoombieeljmmljlkjmnheibnpciblicm/pageScript_lly.min.js:4575
[-35044275ms] [LOG] [LR:MSG] Auth guard BLOCKED - state unchanged @ chrome-extension://hoombieeljmmljlkjmnheibnpciblicm/pageScript_lly.min.js:4575
[-34760278ms] [LOG] [LR:MSG] LR_PS_auth_change received: Object @ chrome-extension://hoombieeljmmljlkjmnheibnpciblicm/pageScript_lly.min.js:4575
[-34760278ms] [LOG] [LR:MSG] Auth guard BLOCKED - state unchanged @ chrome-extension://hoombieeljmmljlkjmnheibnpciblicm/pageScript_lly.min.js:4575
[-34432283ms] [LOG] [LR:MSG] LR_PS_auth_change received: Object @ chrome-extension://hoombieeljmmljlkjmnheibnpciblicm/pageScript_lly.min.js:4575
[-34432283ms] [LOG] [LR:MSG] Auth guard BLOCKED - state unchanged @ chrome-extension://hoombieeljmmljlkjmnheibnpciblicm/pageScript_lly.min.js:4575
[-33998279ms] [LOG] [LR:MSG] LR_PS_auth_change received: Object @ chrome-extension://hoombieeljmmljlkjmnheibnpciblicm/pageScript_lly.min.js:4575
[-33998279ms] [LOG] [LR:MSG] Auth guard BLOCKED - state unchanged @ chrome-extension://hoombieeljmmljlkjmnheibnpciblicm/pageScript_lly.min.js:4575
[-33578267ms] [LOG] [LR:MSG] LR_PS_auth_change received: Object @ chrome-extension://hoombieeljmmljlkjmnheibnpciblicm/pageScript_lly.min.js:4575
[-33578267ms] [LOG] [LR:MSG] Auth guard BLOCKED - state unchanged @ chrome-extension://hoombieeljmmljlkjmnheibnpciblicm/pageScript_lly.min.js:4575
[-33168275ms] [LOG] [LR:MSG] LR_PS_auth_change received: Object @ chrome-extension://hoombieeljmmljlkjmnheibnpciblicm/pageScript_lly.min.js:4575
[-33168275ms] [LOG] [LR:MSG] Auth guard BLOCKED - state unchanged @ chrome-extension://hoombieeljmmljlkjmnheibnpciblicm/pageScript_lly.min.js:4575
[-32803281ms] [LOG] [LR:MSG] LR_PS_auth_change received: Object @ chrome-extension://hoombieeljmmljlkjmnheibnpciblicm/pageScript_lly.min.js:4575
[-32803281ms] [LOG] [LR:MSG] Auth guard BLOCKED - state unchanged @ chrome-extension://hoombieeljmmljlkjmnheibnpciblicm/pageScript_lly.min.js:4575
[-32438271ms] [LOG] [LR:MSG] LR_PS_auth_change received: Object @ chrome-extension://hoombieeljmmljlkjmnheibnpciblicm/pageScript_lly.min.js:4575
[-32438270ms] [LOG] [LR:MSG] Auth guard BLOCKED - state unchanged @ chrome-extension://hoombieeljmmljlkjmnheibnpciblicm/pageScript_lly.min.js:4575
[-32109260ms] [LOG] [LR:MSG] LR_PS_auth_change received: Object @ chrome-extension://hoombieeljmmljlkjmnheibnpciblicm/pageScript_lly.min.js:4575
[-32109260ms] [LOG] [LR:MSG] Auth guard BLOCKED - state unchanged @ chrome-extension://hoombieeljmmljlkjmnheibnpciblicm/pageScript_lly.min.js:4575
[-31732257ms] [LOG] [LR:MSG] LR_PS_auth_change received: Object @ chrome-extension://hoombieeljmmljlkjmnheibnpciblicm/pageScript_lly.min.js:4575
[-31732257ms] [LOG] [LR:MSG] Auth guard BLOCKED - state unchanged @ chrome-extension://hoombieeljmmljlkjmnheibnpciblicm/pageScript_lly.min.js:4575
[-31417212ms] [LOG] [LR:MSG] LR_PS_auth_change received: Object @ chrome-extension://hoombieeljmmljlkjmnheibnpciblicm/pageScript_lly.min.js:4575
[-31417212ms] [LOG] [LR:MSG] Auth guard BLOCKED - state unchanged @ chrome-extension://hoombieeljmmljlkjmnheibnpciblicm/pageScript_lly.min.js:4575
[-31003246ms] [LOG] [LR:MSG] LR_PS_auth_change received: Object @ chrome-extension://hoombieeljmmljlkjmnheibnpciblicm/pageScript_lly.min.js:4575
[-31003245ms] [LOG] [LR:MSG] Auth guard BLOCKED - state unchanged @ chrome-extension://hoombieeljmmljlkjmnheibnpciblicm/pageScript_lly.min.js:4575
[-30726248ms] [LOG] [LR:MSG] LR_PS_auth_change received: Object @ chrome-extension://hoombieeljmmljlkjmnheibnpciblicm/pageScript_lly.min.js:4575
[-30726248ms] [LOG] [LR:MSG] Auth guard BLOCKED - state unchanged @ chrome-extension://hoombieeljmmljlkjmnheibnpciblicm/pageScript_lly.min.js:4575
[-30457217ms] [LOG] [LR:MSG] LR_PS_auth_change received: Object @ chrome-extension://hoombieeljmmljlkjmnheibnpciblicm/pageScript_lly.min.js:4575
[-30457217ms] [LOG] [LR:MSG] Auth guard BLOCKED - state unchanged @ chrome-extension://hoombieeljmmljlkjmnheibnpciblicm/pageScript_lly.min.js:4575
[-30081246ms] [LOG] [LR:MSG] LR_PS_auth_change received: Object @ chrome-extension://hoombieeljmmljlkjmnheibnpciblicm/pageScript_lly.min.js:4575
[-30081243ms] [LOG] [LR:MSG] Auth guard BLOCKED - state unchanged @ chrome-extension://hoombieeljmmljlkjmnheibnpciblicm/pageScript_lly.min.js:4575
[-29819246ms] [LOG] [LR:MSG] LR_PS_auth_change received: Object @ chrome-extension://hoombieeljmmljlkjmnheibnpciblicm/pageScript_lly.min.js:4575
[-29819245ms] [LOG] [LR:MSG] Auth guard BLOCKED - state unchanged @ chrome-extension://hoombieeljmmljlkjmnheibnpciblicm/pageScript_lly.min.js:4575
[-29408245ms] [LOG] [LR:MSG] LR_PS_auth_change received: Object @ chrome-extension://hoombieeljmmljlkjmnheibnpciblicm/pageScript_lly.min.js:4575
[-29408244ms] [LOG] [LR:MSG] Auth guard BLOCKED - state unchanged @ chrome-extension://hoombieeljmmljlkjmnheibnpciblicm/pageScript_lly.min.js:4575
[-29118241ms] [LOG] [LR:MSG] LR_PS_auth_change received: Object @ chrome-extension://hoombieeljmmljlkjmnheibnpciblicm/pageScript_lly.min.js:4575
[-29118240ms] [LOG] [LR:MSG] Auth guard BLOCKED - state unchanged @ chrome-extension://hoombieeljmmljlkjmnheibnpciblicm/pageScript_lly.min.js:4575
[-28873241ms] [LOG] [LR:MSG] LR_PS_auth_change received: Object @ chrome-extension://hoombieeljmmljlkjmnheibnpciblicm/pageScript_lly.min.js:4575
[-28873241ms] [LOG] [LR:MSG] Auth guard BLOCKED - state unchanged @ chrome-extension://hoombieeljmmljlkjmnheibnpciblicm/pageScript_lly.min.js:4575
[-28547241ms] [LOG] [LR:MSG] LR_PS_auth_change received: Object @ chrome-extension://hoombieeljmmljlkjmnheibnpciblicm/pageScript_lly.min.js:4575
[-28547239ms] [LOG] [LR:MSG] Auth guard BLOCKED - state unchanged @ chrome-extension://hoombieeljmmljlkjmnheibnpciblicm/pageScript_lly.min.js:4575
[-28170210ms] [LOG] [LR:MSG] LR_PS_auth_change received: Object @ chrome-extension://hoombieeljmmljlkjmnheibnpciblicm/pageScript_lly.min.js:4575
[-28170201ms] [LOG] [LR:MSG] Auth guard BLOCKED - state unchanged @ chrome-extension://hoombieeljmmljlkjmnheibnpciblicm/pageScript_lly.min.js:4575
[-27886245ms] [LOG] [LR:MSG] LR_PS_auth_change received: Object @ chrome-extension://hoombieeljmmljlkjmnheibnpciblicm/pageScript_lly.min.js:4575
[-27886244ms] [LOG] [LR:MSG] Auth guard BLOCKED - state unchanged @ chrome-extension://hoombieeljmmljlkjmnheibnpciblicm/pageScript_lly.min.js:4575
[-27409242ms] [LOG] [LR:MSG] LR_PS_auth_change received: Object @ chrome-extension://hoombieeljmmljlkjmnheibnpciblicm/pageScript_lly.min.js:4575
[-27409242ms] [LOG] [LR:MSG] Auth guard BLOCKED - state unchanged @ chrome-extension://hoombieeljmmljlkjmnheibnpciblicm/pageScript_lly.min.js:4575
[-27103237ms] [LOG] [LR:MSG] LR_PS_auth_change received: Object @ chrome-extension://hoombieeljmmljlkjmnheibnpciblicm/pageScript_lly.min.js:4575
[-27103233ms] [LOG] [LR:MSG] Auth guard BLOCKED - state unchanged @ chrome-extension://hoombieeljmmljlkjmnheibnpciblicm/pageScript_lly.min.js:4575
[-26719234ms] [LOG] [LR:MSG] LR_PS_auth_change received: Object @ chrome-extension://hoombieeljmmljlkjmnheibnpciblicm/pageScript_lly.min.js:4575
[-26719234ms] [LOG] [LR:MSG] Auth guard BLOCKED - state unchanged @ chrome-extension://hoombieeljmmljlkjmnheibnpciblicm/pageScript_lly.min.js:4575
[-26245238ms] [LOG] [LR:MSG] LR_PS_auth_change received: Object @ chrome-extension://hoombieeljmmljlkjmnheibnpciblicm/pageScript_lly.min.js:4575
[-26245238ms] [LOG] [LR:MSG] Auth guard BLOCKED - state unchanged @ chrome-extension://hoombieeljmmljlkjmnheibnpciblicm/pageScript_lly.min.js:4575
[-25825240ms] [LOG] [LR:MSG] LR_PS_auth_change received: Object @ chrome-extension://hoombieeljmmljlkjmnheibnpciblicm/pageScript_lly.min.js:4575
[-25825235ms] [LOG] [LR:MSG] Auth guard BLOCKED - state unchanged @ chrome-extension://hoombieeljmmljlkjmnheibnpciblicm/pageScript_lly.min.js:4575
[-25577240ms] [LOG] [LR:MSG] LR_PS_auth_change received: Object @ chrome-extension://hoombieeljmmljlkjmnheibnpciblicm/pageScript_lly.min.js:4575
[-25577240ms] [LOG] [LR:MSG] Auth guard BLOCKED - state unchanged @ chrome-extension://hoombieeljmmljlkjmnheibnpciblicm/pageScript_lly.min.js:4575
[-25206238ms] [LOG] [LR:MSG] LR_PS_auth_change received: Object @ chrome-extension://hoombieeljmmljlkjmnheibnpciblicm/pageScript_lly.min.js:4575
[-25206238ms] [LOG] [LR:MSG] Auth guard BLOCKED - state unchanged @ chrome-extension://hoombieeljmmljlkjmnheibnpciblicm/pageScript_lly.min.js:4575
[-24942250ms] [LOG] [LR:MSG] LR_PS_auth_change received: Object @ chrome-extension://hoombieeljmmljlkjmnheibnpciblicm/pageScript_lly.min.js:4575
[-24942250ms] [LOG] [LR:MSG] Auth guard BLOCKED - state unchanged @ chrome-extension://hoombieeljmmljlkjmnheibnpciblicm/pageScript_lly.min.js:4575
[-24468250ms] [LOG] [LR:MSG] LR_PS_auth_change received: Object @ chrome-extension://hoombieeljmmljlkjmnheibnpciblicm/pageScript_lly.min.js:4575
[-24468250ms] [LOG] [LR:MSG] Auth guard BLOCKED - state unchanged @ chrome-extension://hoombieeljmmljlkjmnheibnpciblicm/pageScript_lly.min.js:4575
[-24028249ms] [LOG] [LR:MSG] LR_PS_auth_change received: Object @ chrome-extension://hoombieeljmmljlkjmnheibnpciblicm/pageScript_lly.min.js:4575
[-24028249ms] [LOG] [LR:MSG] Auth guard BLOCKED - state unchanged @ chrome-extension://hoombieeljmmljlkjmnheibnpciblicm/pageScript_lly.min.js:4575
[-23721254ms] [LOG] [LR:MSG] LR_PS_auth_change received: Object @ chrome-extension://hoombieeljmmljlkjmnheibnpciblicm/pageScript_lly.min.js:4575
[-23721254ms] [LOG] [LR:MSG] Auth guard BLOCKED - state unchanged @ chrome-extension://hoombieeljmmljlkjmnheibnpciblicm/pageScript_lly.min.js:4575
[-23375245ms] [LOG] [LR:MSG] LR_PS_auth_change received: Object @ chrome-extension://hoombieeljmmljlkjmnheibnpciblicm/pageScript_lly.min.js:4575
[-23375245ms] [LOG] [LR:MSG] Auth guard BLOCKED - state unchanged @ chrome-extension://hoombieeljmmljlkjmnheibnpciblicm/pageScript_lly.min.js:4575
[-23057255ms] [LOG] [LR:MSG] LR_PS_auth_change received: Object @ chrome-extension://hoombieeljmmljlkjmnheibnpciblicm/pageScript_lly.min.js:4575
[-23057255ms] [LOG] [LR:MSG] Auth guard BLOCKED - state unchanged @ chrome-extension://hoombieeljmmljlkjmnheibnpciblicm/pageScript_lly.min.js:4575
[-22690260ms] [LOG] [LR:MSG] LR_PS_auth_change received: Object @ chrome-extension://hoombieeljmmljlkjmnheibnpciblicm/pageScript_lly.min.js:4575
[-22690259ms] [LOG] [LR:MSG] Auth guard BLOCKED - state unchanged @ chrome-extension://hoombieeljmmljlkjmnheibnpciblicm/pageScript_lly.min.js:4575
[-22410228ms] [LOG] [LR:MSG] LR_PS_auth_change received: Object @ chrome-extension://hoombieeljmmljlkjmnheibnpciblicm/pageScript_lly.min.js:4575
[-22410223ms] [LOG] [LR:MSG] Auth guard BLOCKED - state unchanged @ chrome-extension://hoombieeljmmljlkjmnheibnpciblicm/pageScript_lly.min.js:4575
[-21974250ms] [LOG] [LR:MSG] LR_PS_auth_change received: Object @ chrome-extension://hoombieeljmmljlkjmnheibnpciblicm/pageScript_lly.min.js:4575
[-21974250ms] [LOG] [LR:MSG] Auth guard BLOCKED - state unchanged @ chrome-extension://hoombieeljmmljlkjmnheibnpciblicm/pageScript_lly.min.js:4575
[-21616242ms] [LOG] [LR:MSG] LR_PS_auth_change received: Object @ chrome-extension://hoombieeljmmljlkjmnheibnpciblicm/pageScript_lly.min.js:4575
[-21616242ms] [LOG] [LR:MSG] Auth guard BLOCKED - state unchanged @ chrome-extension://hoombieeljmmljlkjmnheibnpciblicm/pageScript_lly.min.js:4575
[-21366253ms] [LOG] [LR:MSG] LR_PS_auth_change received: Object @ chrome-extension://hoombieeljmmljlkjmnheibnpciblicm/pageScript_lly.min.js:4575
[-21366253ms] [LOG] [LR:MSG] Auth guard BLOCKED - state unchanged @ chrome-extension://hoombieeljmmljlkjmnheibnpciblicm/pageScript_lly.min.js:4575
[-20887256ms] [LOG] [LR:MSG] LR_PS_auth_change received: Object @ chrome-extension://hoombieeljmmljlkjmnheibnpciblicm/pageScript_lly.min.js:4575
[-20887245ms] [LOG] [LR:MSG] Auth guard BLOCKED - state unchanged @ chrome-extension://hoombieeljmmljlkjmnheibnpciblicm/pageScript_lly.min.js:4575
[-20507250ms] [LOG] [LR:MSG] LR_PS_auth_change received: Object @ chrome-extension://hoombieeljmmljlkjmnheibnpciblicm/pageScript_lly.min.js:4575
[-20507245ms] [LOG] [LR:MSG] Auth guard BLOCKED - state unchanged @ chrome-extension://hoombieeljmmljlkjmnheibnpciblicm/pageScript_lly.min.js:4575
[-20237263ms] [LOG] [LR:MSG] LR_PS_auth_change received: Object @ chrome-extension://hoombieeljmmljlkjmnheibnpciblicm/pageScript_lly.min.js:4575
[-20237263ms] [LOG] [LR:MSG] Auth guard BLOCKED - state unchanged @ chrome-extension://hoombieeljmmljlkjmnheibnpciblicm/pageScript_lly.min.js:4575
[-19778258ms] [LOG] [LR:MSG] LR_PS_auth_change received: Object @ chrome-extension://hoombieeljmmljlkjmnheibnpciblicm/pageScript_lly.min.js:4575
[-19778258ms] [LOG] [LR:MSG] Auth guard BLOCKED - state unchanged @ chrome-extension://hoombieeljmmljlkjmnheibnpciblicm/pageScript_lly.min.js:4575
[-19528261ms] [LOG] [LR:MSG] LR_PS_auth_change received: Object @ chrome-extension://hoombieeljmmljlkjmnheibnpciblicm/pageScript_lly.min.js:4575
[-19528261ms] [LOG] [LR:MSG] Auth guard BLOCKED - state unchanged @ chrome-extension://hoombieeljmmljlkjmnheibnpciblicm/pageScript_lly.min.js:4575
[-19198215ms] [LOG] [LR:MSG] LR_PS_auth_change received: Object @ chrome-extension://hoombieeljmmljlkjmnheibnpciblicm/pageScript_lly.min.js:4575
[-19198204ms] [LOG] [LR:MSG] Auth guard BLOCKED - state unchanged @ chrome-extension://hoombieeljmmljlkjmnheibnpciblicm/pageScript_lly.min.js:4575
[-18922250ms] [LOG] [LR:MSG] LR_PS_auth_change received: Object @ chrome-extension://hoombieeljmmljlkjmnheibnpciblicm/pageScript_lly.min.js:4575
[-18922250ms] [LOG] [LR:MSG] Auth guard BLOCKED - state unchanged @ chrome-extension://hoombieeljmmljlkjmnheibnpciblicm/pageScript_lly.min.js:4575
[-18486262ms] [LOG] [LR:MSG] LR_PS_auth_change received: Object @ chrome-extension://hoombieeljmmljlkjmnheibnpciblicm/pageScript_lly.min.js:4575
[-18486257ms] [LOG] [LR:MSG] Auth guard BLOCKED - state unchanged @ chrome-extension://hoombieeljmmljlkjmnheibnpciblicm/pageScript_lly.min.js:4575
[-18228246ms] [LOG] [LR:MSG] LR_PS_auth_change received: Object @ chrome-extension://hoombieeljmmljlkjmnheibnpciblicm/pageScript_lly.min.js:4575
[-18228246ms] [LOG] [LR:MSG] Auth guard BLOCKED - state unchanged @ chrome-extension://hoombieeljmmljlkjmnheibnpciblicm/pageScript_lly.min.js:4575
[-17957248ms] [LOG] [LR:MSG] LR_PS_auth_change received: Object @ chrome-extension://hoombieeljmmljlkjmnheibnpciblicm/pageScript_lly.min.js:4575
[-17957248ms] [LOG] [LR:MSG] Auth guard BLOCKED - state unchanged @ chrome-extension://hoombieeljmmljlkjmnheibnpciblicm/pageScript_lly.min.js:4575
[-17604237ms] [LOG] [LR:MSG] LR_PS_auth_change received: Object @ chrome-extension://hoombieeljmmljlkjmnheibnpciblicm/pageScript_lly.min.js:4575
[-17604236ms] [LOG] [LR:MSG] Auth guard BLOCKED - state unchanged @ chrome-extension://hoombieeljmmljlkjmnheibnpciblicm/pageScript_lly.min.js:4575
[-17123209ms] [LOG] [LR:MSG] LR_PS_auth_change received: Object @ chrome-extension://hoombieeljmmljlkjmnheibnpciblicm/pageScript_lly.min.js:4575
[-17123209ms] [LOG] [LR:MSG] Auth guard BLOCKED - state unchanged @ chrome-extension://hoombieeljmmljlkjmnheibnpciblicm/pageScript_lly.min.js:4575
[-16735241ms] [LOG] [LR:MSG] LR_PS_auth_change received: Object @ chrome-extension://hoombieeljmmljlkjmnheibnpciblicm/pageScript_lly.min.js:4575
[-16735241ms] [LOG] [LR:MSG] Auth guard BLOCKED - state unchanged @ chrome-extension://hoombieeljmmljlkjmnheibnpciblicm/pageScript_lly.min.js:4575
[-16436234ms] [LOG] [LR:MSG] LR_PS_auth_change received: Object @ chrome-extension://hoombieeljmmljlkjmnheibnpciblicm/pageScript_lly.min.js:4575
[-16436232ms] [LOG] [LR:MSG] Auth guard BLOCKED - state unchanged @ chrome-extension://hoombieeljmmljlkjmnheibnpciblicm/pageScript_lly.min.js:4575
[-15965099ms] [LOG] [LR:MSG] LR_PS_auth_change received: Object @ chrome-extension://hoombieeljmmljlkjmnheibnpciblicm/pageScript_lly.min.js:4575
[-15965098ms] [LOG] [LR:MSG] Auth guard BLOCKED - state unchanged @ chrome-extension://hoombieeljmmljlkjmnheibnpciblicm/pageScript_lly.min.js:4575
[-15589995ms] [LOG] [LR:MSG] LR_PS_auth_change received: Object @ chrome-extension://hoombieeljmmljlkjmnheibnpciblicm/pageScript_lly.min.js:4575
[-15589995ms] [LOG] [LR:MSG] Auth guard BLOCKED - state unchanged @ chrome-extension://hoombieeljmmljlkjmnheibnpciblicm/pageScript_lly.min.js:4575
[-15137909ms] [LOG] [LR:MSG] LR_PS_auth_change received: Object @ chrome-extension://hoombieeljmmljlkjmnheibnpciblicm/pageScript_lly.min.js:4575
[-15137909ms] [LOG] [LR:MSG] Auth guard BLOCKED - state unchanged @ chrome-extension://hoombieeljmmljlkjmnheibnpciblicm/pageScript_lly.min.js:4575
[-9605292ms] [LOG] [LR:MSG] LR_PS_auth_change received: Object @ chrome-extension://hoombieeljmmljlkjmnheibnpciblicm/pageScript_lly.min.js:4575
[-9605291ms] [LOG] [LR:MSG] Auth guard BLOCKED - state unchanged @ chrome-extension://hoombieeljmmljlkjmnheibnpciblicm/pageScript_lly.min.js:4575
[-8401626ms] [LOG] [LR:MSG] LR_PS_auth_change received: Object @ chrome-extension://hoombieeljmmljlkjmnheibnpciblicm/pageScript_lly.min.js:4575
[-8401626ms] [LOG] [LR:MSG] Auth guard BLOCKED - state unchanged @ chrome-extension://hoombieeljmmljlkjmnheibnpciblicm/pageScript_lly.min.js:4575
[-7886851ms] [LOG] [LR:MSG] LR_PS_auth_change received: Object @ chrome-extension://hoombieeljmmljlkjmnheibnpciblicm/pageScript_lly.min.js:4575
[-7886851ms] [LOG] [LR:MSG] Auth guard BLOCKED - state unchanged @ chrome-extension://hoombieeljmmljlkjmnheibnpciblicm/pageScript_lly.min.js:4575
[-7652108ms] [LOG] [LR:MSG] LR_PS_auth_change received: Object @ chrome-extension://hoombieeljmmljlkjmnheibnpciblicm/pageScript_lly.min.js:4575
[-7652108ms] [LOG] [LR:MSG] Auth guard BLOCKED - state unchanged @ chrome-extension://hoombieeljmmljlkjmnheibnpciblicm/pageScript_lly.min.js:4575
[-7568640ms] [LOG] [LR:MSG] LR_PS_auth_change received: Object @ chrome-extension://hoombieeljmmljlkjmnheibnpciblicm/pageScript_lly.min.js:4575
[-7568640ms] [LOG] [LR:MSG] Auth guard BLOCKED - state unchanged @ chrome-extension://hoombieeljmmljlkjmnheibnpciblicm/pageScript_lly.min.js:4575
[-7253883ms] [LOG] [LR:MSG] LR_PS_auth_change received: Object @ chrome-extension://hoombieeljmmljlkjmnheibnpciblicm/pageScript_lly.min.js:4575
[-7253882ms] [LOG] [LR:MSG] Auth guard BLOCKED - state unchanged @ chrome-extension://hoombieeljmmljlkjmnheibnpciblicm/pageScript_lly.min.js:4575
[-7089688ms] [LOG] [LR:MSG] LR_PS_auth_change received: Object @ chrome-extension://hoombieeljmmljlkjmnheibnpciblicm/pageScript_lly.min.js:4575
[-7089688ms] [LOG] [LR:MSG] Auth guard BLOCKED - state unchanged @ chrome-extension://hoombieeljmmljlkjmnheibnpciblicm/pageScript_lly.min.js:4575
[-6842759ms] [LOG] [LR:MSG] LR_PS_auth_change received: Object @ chrome-extension://hoombieeljmmljlkjmnheibnpciblicm/pageScript_lly.min.js:4575
[-6842759ms] [LOG] [LR:MSG] Auth guard BLOCKED - state unchanged @ chrome-extension://hoombieeljmmljlkjmnheibnpciblicm/pageScript_lly.min.js:4575
[-6767732ms] [LOG] [LR:MSG] LR_PS_auth_change received: Object @ chrome-extension://hoombieeljmmljlkjmnheibnpciblicm/pageScript_lly.min.js:4575
[-6767732ms] [LOG] [LR:MSG] Auth guard BLOCKED - state unchanged @ chrome-extension://hoombieeljmmljlkjmnheibnpciblicm/pageScript_lly.min.js:4575
[-6603888ms] [LOG] [LR:MSG] LR_PS_auth_change received: Object @ chrome-extension://hoombieeljmmljlkjmnheibnpciblicm/pageScript_lly.min.js:4575
[-6603887ms] [LOG] [LR:MSG] Auth guard BLOCKED - state unchanged @ chrome-extension://hoombieeljmmljlkjmnheibnpciblicm/pageScript_lly.min.js:4575
[-6424410ms] [LOG] [LR:MSG] LR_PS_auth_change received: Object @ chrome-extension://hoombieeljmmljlkjmnheibnpciblicm/pageScript_lly.min.js:4575
[-6424409ms] [LOG] [LR:MSG] Auth guard BLOCKED - state unchanged @ chrome-extension://hoombieeljmmljlkjmnheibnpciblicm/pageScript_lly.min.js:4575
[-6220342ms] [LOG] [LR:MSG] LR_PS_auth_change received: Object @ chrome-extension://hoombieeljmmljlkjmnheibnpciblicm/pageScript_lly.min.js:4575
[-6220342ms] [LOG] [LR:MSG] Auth guard BLOCKED - state unchanged @ chrome-extension://hoombieeljmmljlkjmnheibnpciblicm/pageScript_lly.min.js:4575
[-5595570ms] [LOG] [LR:MSG] LR_PS_auth_change received: Object @ chrome-extension://hoombieeljmmljlkjmnheibnpciblicm/pageScript_lly.min.js:4575
[-5595570ms] [LOG] [LR:MSG] Auth guard BLOCKED - state unchanged @ chrome-extension://hoombieeljmmljlkjmnheibnpciblicm/pageScript_lly.min.js:4575
[-5533411ms] [LOG] [LR:MSG] LR_PS_auth_change received: Object @ chrome-extension://hoombieeljmmljlkjmnheibnpciblicm/pageScript_lly.min.js:4575
[-5533411ms] [LOG] [LR:MSG] Auth guard BLOCKED - state unchanged @ chrome-extension://hoombieeljmmljlkjmnheibnpciblicm/pageScript_lly.min.js:4575
[-3816116ms] [LOG] [LR:MSG] LR_PS_auth_change received: Object @ chrome-extension://hoombieeljmmljlkjmnheibnpciblicm/pageScript_lly.min.js:4575
[-3816116ms] [LOG] [LR:MSG] Auth guard BLOCKED - state unchanged @ chrome-extension://hoombieeljmmljlkjmnheibnpciblicm/pageScript_lly.min.js:4575
[-3373700ms] [LOG] [LR:MSG] LR_PS_auth_change received: Object @ chrome-extension://hoombieeljmmljlkjmnheibnpciblicm/pageScript_lly.min.js:4575
[-3373700ms] [LOG] [LR:MSG] Auth guard BLOCKED - state unchanged @ chrome-extension://hoombieeljmmljlkjmnheibnpciblicm/pageScript_lly.min.js:4575
[ -275588ms] [LOG] [LR:MSG] LR_PS_auth_change received: Object @ chrome-extension://hoombieeljmmljlkjmnheibnpciblicm/pageScript_lly.min.js:4575
[ -275588ms] [LOG] [LR:MSG] Auth guard BLOCKED - state unchanged @ chrome-extension://hoombieeljmmljlkjmnheibnpciblicm/pageScript_lly.min.js:4575
[ -233082ms] [LOG] [LR:MSG] LR_PS_auth_change received: Object @ chrome-extension://hoombieeljmmljlkjmnheibnpciblicm/pageScript_lly.min.js:4575
[ -233082ms] [LOG] [LR:MSG] Auth guard BLOCKED - state unchanged @ chrome-extension://hoombieeljmmljlkjmnheibnpciblicm/pageScript_lly.min.js:4575
[      40ms] A listener indicated an asynchronous response by returning true, but the message channel closed before a response was received
[      40ms] A listener indicated an asynchronous response by returning true, but the message channel closed before a response was received
[      40ms] A listener indicated an asynchronous response by returning true, but the message channel closed before a response was received
[      40ms] A listener indicated an asynchronous response by returning true, but the message channel closed before a response was received
[      40ms] A listener indicated an asynchronous response by returning true, but the message channel closed before a response was received
[      40ms] A listener indicated an asynchronous response by returning true, but the message channel closed before a response was received
[      40ms] A listener indicated an asynchronous response by returning true, but the message channel closed before a response was received
[      40ms] A listener indicated an asynchronous response by returning true, but the message channel closed before a response was received
[      40ms] A listener indicated an asynchronous response by returning true, but the message channel closed before a response was received
[      40ms] A listener indicated an asynchronous response by returning true, but the message channel closed before a response was received
[      40ms] A listener indicated an asynchronous response by returning true, but the message channel closed before a response was received
[      40ms] A listener indicated an asynchronous response by returning true, but the message channel closed before a response was received
[      40ms] A listener indicated an asynchronous response by returning true, but the message channel closed before a response was received
[      40ms] A listener indicated an asynchronous response by returning true, but the message channel closed before a response was received
[      40ms] A listener indicated an asynchronous response by returning true, but the message channel closed before a response was received
[      40ms] A listener indicated an asynchronous response by returning true, but the message channel closed before a response was received
[      40ms] A listener indicated an asynchronous response by returning true, but the message channel closed before a response was received
[      40ms] A listener indicated an asynchronous response by returning true, but the message channel closed before a response was received
[      40ms] A listener indicated an asynchronous response by returning true, but the message channel closed before a response was received
[      40ms] A listener indicated an asynchronous response by returning true, but the message channel closed before a response was received
[      40ms] A listener indicated an asynchronous response by returning true, but the message channel closed before a response was received
[      40ms] A listener indicated an asynchronous response by returning true, but the message channel closed before a response was received
[      40ms] A listener indicated an asynchronous response by returning true, but the message channel closed before a response was received
[      40ms] A listener indicated an asynchronous response by returning true, but the message channel closed before a response was received
[      40ms] A listener indicated an asynchronous response by returning true, but the message channel closed before a response was received
[      40ms] A listener indicated an asynchronous response by returning true, but the message channel closed before a response was received
[      40ms] A listener indicated an asynchronous response by returning true, but the message channel closed before a response was received
[      40ms] A listener indicated an asynchronous response by returning true, but the message channel closed before a response was received
[      40ms] A listener indicated an asynchronous response by returning true, but the message channel closed before a response was received
[      40ms] A listener indicated an asynchronous response by returning true, but the message channel closed before a response was received
[      40ms] A listener indicated an asynchronous response by returning true, but the message channel closed before a response was received
[      40ms] A listener indicated an asynchronous response by returning true, but the message channel closed before a response was received
[      40ms] A listener indicated an asynchronous response by returning true, but the message channel closed before a response was received
[      40ms] A listener indicated an asynchronous response by returning true, but the message channel closed before a response was received
[      40ms] A listener indicated an asynchronous response by returning true, but the message channel closed before a response was received
[      40ms] A listener indicated an asynchronous response by returning true, but the message channel closed before a response was received
[      40ms] A listener indicated an asynchronous response by returning true, but the message channel closed before a response was received
[      40ms] A listener indicated an asynchronous response by returning true, but the message channel closed before a response was received
[      40ms] A listener indicated an asynchronous response by returning true, but the message channel closed before a response was received
[      40ms] A listener indicated an asynchronous response by returning true, but the message channel closed before a response was received
[      40ms] A listener indicated an asynchronous response by returning true, but the message channel closed before a response was received
[      40ms] A listener indicated an asynchronous response by returning true, but the message channel closed before a response was received
[      40ms] A listener indicated an asynchronous response by returning true, but the message channel closed before a response was received
[      40ms] A listener indicated an asynchronous response by returning true, but the message channel closed before a response was received
[      40ms] A listener indicated an asynchronous response by returning true, but the message channel closed before a response was received
[      40ms] A listener indicated an asynchronous response by returning true, but the message channel closed before a response was received
[      40ms] A listener indicated an asynchronous response by returning true, but the message channel closed before a response was received
[      40ms] A listener indicated an asynchronous response by returning true, but the message channel closed before a response was received
[      40ms] A listener indicated an asynchronous response by returning true, but the message channel closed before a response was received
[      40ms] A listener indicated an asynchronous response by returning true, but the message channel closed before a response was received
[      40ms] A listener indicated an asynchronous response by returning true, but the message channel closed before a response was received
[      40ms] A listener indicated an asynchronous response by returning true, but the message channel closed before a response was received
[      40ms] A listener indicated an asynchronous response by returning true, but the message channel closed before a response was received
[      40ms] A listener indicated an asynchronous response by returning true, but the message channel closed before a response was received
[      40ms] A listener indicated an asynchronous response by returning true, but the message channel closed before a response was received
[      40ms] A listener indicated an asynchronous response by returning true, but the message channel closed before a response was received
[      40ms] A listener indicated an asynchronous response by returning true, but the message channel closed before a response was received
[      40ms] A listener indicated an asynchronous response by returning true, but the message channel closed before a response was received
[      40ms] A listener indicated an asynchronous response by returning true, but the message channel closed before a response was received
[      40ms] A listener indicated an asynchronous response by returning true, but the message channel closed before a response was received
[      40ms] A listener indicated an asynchronous response by returning true, but the message channel closed before a response was received
[      40ms] A listener indicated an asynchronous response by returning true, but the message channel closed before a response was received
[      40ms] A listener indicated an asynchronous response by returning true, but the message channel closed before a response was received
[      40ms] A listener indicated an asynchronous response by returning true, but the message channel closed before a response was received
[      40ms] A listener indicated an asynchronous response by returning true, but the message channel closed before a response was received
[      40ms] A listener indicated an asynchronous response by returning true, but the message channel closed before a response was received
[      40ms] A listener indicated an asynchronous response by returning true, but the message channel closed before a response was received
[      40ms] A listener indicated an asynchronous response by returning true, but the message channel closed before a response was received
[      40ms] A listener indicated an asynchronous response by returning true, but the message channel closed before a response was received
[      40ms] A listener indicated an asynchronous response by returning true, but the message channel closed before a response was received
[      40ms] A listener indicated an asynchronous response by returning true, but the message channel closed before a response was received
[      40ms] A listener indicated an asynchronous response by returning true, but the message channel closed before a response was received
[      40ms] A listener indicated an asynchronous response by returning true, but the message channel closed before a response was received
[      40ms] A listener indicated an asynchronous response by returning true, but the message channel closed before a response was received
[      40ms] A listener indicated an asynchronous response by returning true, but the message channel closed before a response was received
[      40ms] A listener indicated an asynchronous response by returning true, but the message channel closed before a response was received
[      40ms] A listener indicated an asynchronous response by returning true, but the message channel closed before a response was received
[      40ms] A listener indicated an asynchronous response by returning true, but the message channel closed before a response was received
[      40ms] A listener indicated an asynchronous response by returning true, but the message channel closed before a response was received
[      40ms] A listener indicated an asynchronous response by returning true, but the message channel closed before a response was received
[      40ms] A listener indicated an asynchronous response by returning true, but the message channel closed before a response was received
[      40ms] A listener indicated an asynchronous response by returning true, but the message channel closed before a response was received
[      40ms] A listener indicated an asynchronous response by returning true, but the message channel closed before a response was received
[      40ms] A listener indicated an asynchronous response by returning true, but the message channel closed before a response was received
[      40ms] A listener indicated an asynchronous response by returning true, but the message channel closed before a response was received
[      40ms] A listener indicated an asynchronous response by returning true, but the message channel closed before a response was received
[      40ms] A listener indicated an asynchronous response by returning true, but the message channel closed before a response was received
[      40ms] A listener indicated an asynchronous response by returning true, but the message channel closed before a response was received
[      40ms] A listener indicated an asynchronous response by returning true, but the message channel closed before a response was received
[      40ms] A listener indicated an asynchronous response by returning true, but the message channel closed before a response was received
[      40ms] A listener indicated an asynchronous response by returning true, but the message channel closed before a response was received
[      40ms] A listener indicated an asynchronous response by returning true, but the message channel closed before a response was received
[      40ms] A listener indicated an asynchronous response by returning true, but the message channel closed before a response was received
[      40ms] A listener indicated an asynchronous response by returning true, but the message channel closed before a response was received
[      40ms] A listener indicated an asynchronous response by returning true, but the message channel closed before a response was received
[      40ms] A listener indicated an asynchronous response by returning true, but the message channel closed before a response was received
[      40ms] A listener indicated an asynchronous response by returning true, but the message channel closed before a response was received
[      40ms] A listener indicated an asynchronous response by returning true, but the message channel closed before a response was received
[      40ms] A listener indicated an asynchronous response by returning true, but the message channel closed before a response was received
[      40ms] A listener indicated an asynchronous response by returning true, but the message channel closed before a response was received
[      40ms] A listener indicated an asynchronous response by returning true, but the message channel closed before a response was received
[      40ms] A listener indicated an asynchronous response by returning true, but the message channel closed before a response was received
[      40ms] A listener indicated an asynchronous response by returning true, but the message channel closed before a response was received
[      40ms] A listener indicated an asynchronous response by returning true, but the message channel closed before a response was received
[      40ms] A listener indicated an asynchronous response by returning true, but the message channel closed before a response was received
[      40ms] A listener indicated an asynchronous response by returning true, but the message channel closed before a response was received
[      40ms] A listener indicated an asynchronous response by returning true, but the message channel closed before a response was received
[      40ms] A listener indicated an asynchronous response by returning true, but the message channel closed before a response was received
[      40ms] A listener indicated an asynchronous response by returning true, but the message channel closed before a response was received
[      40ms] A listener indicated an asynchronous response by returning true, but the message channel closed before a response was received
[      40ms] A listener indicated an asynchronous response by returning true, but the message channel closed before a response was received
[      40ms] A listener indicated an asynchronous response by returning true, but the message channel closed before a response was received
[      40ms] A listener indicated an asynchronous response by returning true, but the message channel closed before a response was received
[      40ms] A listener indicated an asynchronous response by returning true, but the message channel closed before a response was received
[      40ms] A listener indicated an asynchronous response by returning true, but the message channel closed before a response was received
[      40ms] A listener indicated an asynchronous response by returning true, but the message channel closed before a response was received
[      40ms] A listener indicated an asynchronous response by returning true, but the message channel closed before a response was received
[      40ms] A listener indicated an asynchronous response by returning true, but the message channel closed before a response was received
[      40ms] A listener indicated an asynchronous response by returning true, but the message channel closed before a response was received
[      40ms] A listener indicated an asynchronous response by returning true, but the message channel closed before a response was received
[      40ms] A listener indicated an asynchronous response by returning true, but the message channel closed before a response was received
[      40ms] A listener indicated an asynchronous response by returning true, but the message channel closed before a response was received
[      40ms] A listener indicated an asynchronous response by returning true, but the message channel closed before a response was received
[      40ms] A listener indicated an asynchronous response by returning true, but the message channel closed before a response was received
[      40ms] A listener indicated an asynchronous response by returning true, but the message channel closed before a response was received
[      40ms] A listener indicated an asynchronous response by returning true, but the message channel closed before a response was received
[      40ms] A listener indicated an asynchronous response by returning true, but the message channel closed before a response was received
[      40ms] A listener indicated an asynchronous response by returning true, but the message channel closed before a response was received
[      40ms] A listener indicated an asynchronous response by returning true, but the message channel closed before a response was received
[      40ms] A listener indicated an asynchronous response by returning true, but the message channel closed before a response was received
[      40ms] A listener indicated an asynchronous response by returning true, but the message channel closed before a response was received
[      40ms] A listener indicated an asynchronous response by returning true, but the message channel closed before a response was received
[      40ms] A listener indicated an asynchronous response by returning true, but the message channel closed before a response was received
[      40ms] A listener indicated an asynchronous response by returning true, but the message channel closed before a response was received
[      40ms] A listener indicated an asynchronous response by returning true, but the message channel closed before a response was received
[      40ms] A listener indicated an asynchronous response by returning true, but the message channel closed before a response was received
[      40ms] A listener indicated an asynchronous response by returning true, but the message channel closed before a response was received
[      40ms] A listener indicated an asynchronous response by returning true, but the message channel closed before a response was received
[      40ms] A listener indicated an asynchronous response by returning true, but the message channel closed before a response was received
[      40ms] A listener indicated an asynchronous response by returning true, but the message channel closed before a response was received
[      40ms] A listener indicated an asynchronous response by returning true, but the message channel closed before a response was received
[      40ms] A listener indicated an asynchronous response by returning true, but the message channel closed before a response was received
[      40ms] A listener indicated an asynchronous response by returning true, but the message channel closed before a response was received
[      40ms] A listener indicated an asynchronous response by returning true, but the message channel closed before a response was received
[      40ms] A listener indicated an asynchronous response by returning true, but the message channel closed before a response was received
[      40ms] A listener indicated an asynchronous response by returning true, but the message channel closed before a response was received
[      40ms] A listener indicated an asynchronous response by returning true, but the message channel closed before a response was received
[      40ms] A listener indicated an asynchronous response by returning true, but the message channel closed before a response was received
[      40ms] A listener indicated an asynchronous response by returning true, but the message channel closed before a response was received
[      40ms] A listener indicated an asynchronous response by returning true, but the message channel closed before a response was received
[      40ms] A listener indicated an asynchronous response by returning true, but the message channel closed before a response was received
[      40ms] A listener indicated an asynchronous response by returning true, but the message channel closed before a response was received
[      40ms] A listener indicated an asynchronous response by returning true, but the message channel closed before a response was received
[      40ms] A listener indicated an asynchronous response by returning true, but the message channel closed before a response was received
[      40ms] A listener indicated an asynchronous response by returning true, but the message channel closed before a response was received
[      40ms] A listener indicated an asynchronous response by returning true, but the message channel closed before a response was received
[      40ms] A listener indicated an asynchronous response by returning true, but the message channel closed before a response was received
[      40ms] A listener indicated an asynchronous response by returning true, but the message channel closed before a response was received
[      40ms] A listener indicated an asynchronous response by returning true, but the message channel closed before a response was received
[      40ms] A listener indicated an asynchronous response by returning true, but the message channel closed before a response was received
[      40ms] A listener indicated an asynchronous response by returning true, but the message channel closed before a response was received
[      40ms] A listener indicated an asynchronous response by returning true, but the message channel closed before a response was received
[      40ms] A listener indicated an asynchronous response by returning true, but the message channel closed before a response was received
[      40ms] A listener indicated an asynchronous response by returning true, but the message channel closed before a response was received
[      40ms] A listener indicated an asynchronous response by returning true, but the message channel closed before a response was received
[      40ms] A listener indicated an asynchronous response by returning true, but the message channel closed before a response was received
[      40ms] A listener indicated an asynchronous response by returning true, but the message channel closed before a response was received
[      40ms] A listener indicated an asynchronous response by returning true, but the message channel closed before a response was received
[      40ms] A listener indicated an asynchronous response by returning true, but the message channel closed before a response was received
[      40ms] A listener indicated an asynchronous response by returning true, but the message channel closed before a response was received
[      40ms] A listener indicated an asynchronous response by returning true, but the message channel closed before a response was received
[      40ms] A listener indicated an asynchronous response by returning true, but the message channel closed before a response was received
[      40ms] A listener indicated an asynchronous response by returning true, but the message channel closed before a response was received
[      40ms] A listener indicated an asynchronous response by returning true, but the message channel closed before a response was received
[      40ms] A listener indicated an asynchronous response by returning true, but the message channel closed before a response was received
[      40ms] A listener indicated an asynchronous response by returning true, but the message channel closed before a response was received
[      40ms] A listener indicated an asynchronous response by returning true, but the message channel closed before a response was received
[      40ms] A listener indicated an asynchronous response by returning true, but the message channel closed before a response was received
[      40ms] A listener indicated an asynchronous response by returning true, but the message channel closed before a response was received
[      40ms] A listener indicated an asynchronous response by returning true, but the message channel closed before a response was received
[      40ms] A listener indicated an asynchronous response by returning true, but the message channel closed before a response was received
[      40ms] A listener indicated an asynchronous response by returning true, but the message channel closed before a response was received
[      40ms] A listener indicated an asynchronous response by returning true, but the message channel closed before a response was received
[      40ms] A listener indicated an asynchronous response by returning true, but the message channel closed before a response was received
[      40ms] A listener indicated an asynchronous response by returning true, but the message channel closed before a response was received
[      40ms] A listener indicated an asynchronous response by returning true, but the message channel closed before a response was received
[      40ms] A listener indicated an asynchronous response by returning true, but the message channel closed before a response was received
[      40ms] A listener indicated an asynchronous response by returning true, but the message channel closed before a response was received
[      40ms] A listener indicated an asynchronous response by returning true, but the message channel closed before a response was received
[      40ms] A listener indicated an asynchronous response by returning true, but the message channel closed before a response was received
[      40ms] A listener indicated an asynchronous response by returning true, but the message channel closed before a response was received
[      40ms] A listener indicated an asynchronous response by returning true, but the message channel closed before a response was received
[      40ms] A listener indicated an asynchronous response by returning true, but the message channel closed before a response was received
[      40ms] A listener indicated an asynchronous response by returning true, but the message channel closed before a response was received
[      40ms] A listener indicated an asynchronous response by returning true, but the message channel closed before a response was received
[      40ms] A listener indicated an asynchronous response by returning true, but the message channel closed before a response was received
[      40ms] A listener indicated an asynchronous response by returning true, but the message channel closed before a response was received
[      40ms] A listener indicated an asynchronous response by returning true, but the message channel closed before a response was received
[   10565ms] [LOG] [LR:MSG] LR_PS_auth_change received: {loggedIn: false, currentAuth: false} @ chrome-extension://hoombieeljmmljlkjmnheibnpciblicm/pageScript_lly.min.js:4575
[   10565ms] [LOG] [LR:MSG] Auth guard BLOCKED - state unchanged @ chrome-extension://hoombieeljmmljlkjmnheibnpciblicm/pageScript_lly.min.js:4575
[  278248ms] [ERROR] Failed to load resource: net::ERR_BLOCKED_BY_CLIENT @ https://www.youtube.com/youtubei/v1/log_event?alt=json:0
[  281248ms] [WARNING] The resource https://i.ytimg.com/generate_204 was preloaded using link preload but not used within a few seconds from the window's load event. Please make sure it has an appropriate `as` value and it is preloaded intentionally. @ https://www.youtube.com/watch?v=uE0r51pneSA:0
