[-7373966ms] [ERROR] Failed to load resource: net::ERR_BLOCKED_BY_CLIENT @ https://collector.github.com/github/collect:0
[-7373964ms] [ERROR] Failed to load resource: net::ERR_BLOCKED_BY_CLIENT @ https://collector.github.com/github/collect:0
[-7373964ms] [ERROR] Failed to load resource: net::ERR_BLOCKED_BY_CLIENT @ https://collector.github.com/github/collect:0
[-7373934ms] [ERROR] Failed to load resource: net::ERR_BLOCKED_BY_CLIENT @ https://collector.github.com/github/collect:0
[-7373928ms] [ERROR] Failed to load resource: net::ERR_BLOCKED_BY_CLIENT @ https://collector.github.com/github/collect:0
[-7373914ms] [ERROR] Failed to load resource: net::ERR_BLOCKED_BY_CLIENT @ https://collector.github.com/github/collect:0
[-7373914ms] [ERROR] Failed to load resource: net::ERR_BLOCKED_BY_CLIENT @ https://collector.github.com/github/collect:0
[-7373901ms] [ERROR] Failed to load resource: net::ERR_BLOCKED_BY_CLIENT @ https://collector.github.com/github/collect:0
[-7373897ms] [ERROR] Failed to load resource: net::ERR_BLOCKED_BY_CLIENT @ https://api.github.com/_private/browser/stats:0
[-7373897ms] [ERROR] Failed to load resource: net::ERR_BLOCKED_BY_CLIENT @ https://collector.github.com/github/collect:0
[-7373607ms] [ERROR] Failed to load resource: net::ERR_BLOCKED_BY_CLIENT @ https://collector.github.com/github/collect:0
[-7373607ms] [ERROR] Failed to load resource: net::ERR_BLOCKED_BY_CLIENT @ https://collector.github.com/github/collect:0
[-7368880ms] [ERROR] Failed to load resource: net::ERR_BLOCKED_BY_CLIENT @ https://collector.github.com/github/collect:0
[-7345615ms] [ERROR] Failed to load resource: net::ERR_BLOCKED_BY_CLIENT @ https://collector.github.com/github/collect:0
[-7344812ms] [INFO] Autofocus processing was blocked because a document already has a focused element. @ https://github.com/RickSanchez88E/job-form-discovery:0
[-7344691ms] [ERROR] Failed to load resource: net::ERR_BLOCKED_BY_CLIENT @ https://collector.github.com/github/collect:0
[-7344660ms] [ERROR] Failed to load resource: net::ERR_BLOCKED_BY_CLIENT @ https://collector.github.com/github/collect:0
[-7344037ms] [ERROR] Failed to load resource: net::ERR_BLOCKED_BY_CLIENT @ https://collector.github.com/github/collect:0
[-7319355ms] [ERROR] Failed to load resource: net::ERR_BLOCKED_BY_CLIENT @ https://collector.github.com/github/collect:0
[-7291082ms] [ERROR] Failed to load resource: net::ERR_BLOCKED_BY_CLIENT @ https://collector.github.com/github/collect:0
[-7289777ms] [ERROR] Failed to load resource: net::ERR_BLOCKED_BY_CLIENT @ https://collector.github.com/github/collect:0
[-7107639ms] [ERROR] Failed to load resource: net::ERR_BLOCKED_BY_CLIENT @ https://collector.github.com/github/collect:0
[-6988252ms] [ERROR] Failed to load resource: net::ERR_BLOCKED_BY_CLIENT @ https://collector.github.com/github/collect:0
[-6894292ms] [ERROR] Failed to load resource: net::ERR_BLOCKED_BY_CLIENT @ https://collector.github.com/github/collect:0
[-6887225ms] [ERROR] Failed to load resource: net::ERR_BLOCKED_BY_CLIENT @ https://collector.github.com/github/collect:0
[-6886676ms] [ERROR] Failed to load resource: net::ERR_BLOCKED_BY_CLIENT @ https://collector.github.com/github/collect:0
[-6726443ms] [ERROR] Failed to load resource: net::ERR_BLOCKED_BY_CLIENT @ https://collector.github.com/github/collect:0
[-5681099ms] [ERROR] Failed to load resource: net::ERR_BLOCKED_BY_CLIENT @ https://collector.github.com/github/collect:0
[-5632212ms] [ERROR] Failed to load resource: net::ERR_BLOCKED_BY_CLIENT @ https://collector.github.com/github/collect:0
[-5558263ms] [ERROR] Failed to load resource: net::ERR_BLOCKED_BY_CLIENT @ https://collector.github.com/github/collect:0
[-5297130ms] [ERROR] Failed to load resource: net::ERR_BLOCKED_BY_CLIENT @ https://collector.github.com/github/collect:0
[-5296628ms] [ERROR] Failed to load resource: net::ERR_BLOCKED_BY_CLIENT @ https://collector.github.com/github/collect:0
[-3815621ms] [ERROR] Failed to load resource: net::ERR_BLOCKED_BY_CLIENT @ https://collector.github.com/github/collect:0
[-3798854ms] [ERROR] Failed to load resource: net::ERR_BLOCKED_BY_CLIENT @ https://collector.github.com/github/collect:0
[-3796388ms] [ERROR] Failed to load resource: net::ERR_BLOCKED_BY_CLIENT @ https://collector.github.com/github/collect:0
[-3773908ms] [ERROR] Failed to load resource: net::ERR_BLOCKED_BY_CLIENT @ https://collector.github.com/github/collect:0
[-3773906ms] [ERROR] Failed to load resource: net::ERR_BLOCKED_BY_CLIENT @ https://collector.github.com/github/collect:0
[-3773904ms] [ERROR] Failed to load resource: net::ERR_BLOCKED_BY_CLIENT @ https://collector.github.com/github/collect:0
[-3773904ms] [ERROR] Failed to load resource: net::ERR_BLOCKED_BY_CLIENT @ https://collector.github.com/github/collect:0
[-3772910ms] [ERROR] Failed to load resource: net::ERR_BLOCKED_BY_CLIENT @ https://collector.github.com/github/collect:0
[-3772909ms] [ERROR] Failed to load resource: net::ERR_BLOCKED_BY_CLIENT @ https://collector.github.com/github/collect:0
[ -669602ms] [ERROR] Failed to load resource: net::ERR_BLOCKED_BY_CLIENT @ https://collector.github.com/github/collect:0
[ -403098ms] [ERROR] Failed to load resource: net::ERR_BLOCKED_BY_CLIENT @ https://collector.github.com/github/collect:0
[ -343386ms] [ERROR] Failed to load resource: net::ERR_BLOCKED_BY_CLIENT @ https://collector.github.com/github/collect:0
[ -256671ms] [ERROR] Failed to load resource: net::ERR_BLOCKED_BY_CLIENT @ https://collector.github.com/github/collect:0
[ -255504ms] [ERROR] Failed to load resource: net::ERR_BLOCKED_BY_CLIENT @ https://collector.github.com/github/collect:0
[ -173831ms] [ERROR] Failed to load resource: net::ERR_BLOCKED_BY_CLIENT @ https://collector.github.com/github/collect:0
[ -173827ms] [ERROR] Failed to load resource: net::ERR_BLOCKED_BY_CLIENT @ https://collector.github.com/github/collect:0
[ -173827ms] [ERROR] Failed to load resource: net::ERR_BLOCKED_BY_CLIENT @ https://collector.github.com/github/collect:0
[ -173827ms] [ERROR] Failed to load resource: net::ERR_BLOCKED_BY_CLIENT @ https://collector.github.com/github/collect:0
[ -172849ms] [ERROR] Failed to load resource: net::ERR_BLOCKED_BY_CLIENT @ https://collector.github.com/github/collect:0
[ -172849ms] [ERROR] Failed to load resource: net::ERR_BLOCKED_BY_CLIENT @ https://collector.github.com/github/collect:0
[-7373985ms] [LOG] 1778015183896 @ chrome-extension://nfmlkliedggdodlbgghmmchhgckjoaml/sharebx.js:7
[-7373985ms] [LOG] 1778015183896 @ chrome-extension://nfmlkliedggdodlbgghmmchhgckjoaml/sharebx.js:19
[-7373968ms] [LOG] cssjs @ chrome-extension://nfmlkliedggdodlbgghmmchhgckjoaml/css.js:329
[  236282ms] [ERROR] Failed to load resource: net::ERR_BLOCKED_BY_CLIENT @ https://api.github.com/_private/browser/stats:0
[  236282ms] [ERROR] Failed to load resource: net::ERR_BLOCKED_BY_CLIENT @ https://collector.github.com/github/collect:0
